【1.5 - 19Y006R002】 2019年09月04日 09:10
1.修改获取HTML代码方法参数；
2.文件上传方法增加获取返回值功能。

【1.5 - 19Y006R001】 2019年09月03日 13:20
1.修复文件无法上传上传BUG；
2.修复无法获取HTML代码BUG。

【1.4 - 19Y005R001】 2019年09月03日 10:15
1.修改DownloadOperate类名为NetworkOperate；
2.修改NetworkOperateEF类名为NetworkOperateEF；
3.增加文件上传功能（未测试）。

【1.3 - 19Y004R001】 2019年08月14日 14:30
1.增加POST请求中传输数据为字符串的参数。

【1.2 - 19Y003R001】 2019年07月16日 17:15
1.增加POST请求方法的支持。

【1.1 - 19Y002R001】 2019年07月05日 11:00
1.优化下载操作类扩展方法；
2.增加UserAgent帮助类；
3.优化网页请求模型。

【1.0 - 19Y001R001】 2019年07月04日 14:30
1.增加下载操作类。
