【1.7 - 19Y008R001】 2019年09月05日 16:45
1.增加AES参数模型参数KeySize、BlockSize、FeedbackSize；
2.修复AES解密提示<填充无效，无法被移除>的错误。

【1.6 - 19Y007R001】 2019年7月20日 23:50
1.修改与增加MD5加密方法；
2.修改与增加DES加密解密方法；
3.增加3DES加密解密操作类；
4.增加AES加密解密操作类。

【1.5 - 19Y006R001】 2019年07月05日 10:55
1.优化DES加密解密操作类扩展方法；
2.优化MD5加密操作类扩展方法。

【1.4 - 19Y005R001】 2019年06月28日 11:05
1.增加扩展方法。

【1.3 - 19Y004R001】 2019年06月27日 09:45
1.修改、优化项目结构。

【1.2 - 19Y003R001】 2019年06月19日 15:15
1.增加版本控制功能。

【1.1 - 19Y002R001】 2019年06月11日 11:35
1.增加文件MD5计算功能。

【1.0 - 19Y001R001】 2019年06月10日 17:45
1.增加MD5加密功能；
2.增加DES加密解密功能。
