【1.6 - 19Y008R004】 2019年10月12日 11:25
1.修复表格控件OnCellMouseClick事件操作对象为空的BUG。

【1.6 - 19Y008R003】 2019年09月27日 16:10
1.修复表格控件OnCellMouseClick事件指定的转换无效BUG。

【1.6 - 19Y008R002】 2019年09月25日 20:00
1.数值输入窗体增加int与string类型输入数值属性；
2.增加密码输入模式。

【1.6 - 19Y007R001】 2019年7月26日 11:25
1.修复TextBox在String模式下无法输入空格问题。

【1.5 - 19Y006R001】 2019年07月23日 09:00
1.删除PanelTitle控件。

【1.4 - 19Y005R001】 2019年07月04日 14:30
1.修复DataGridView在排序时行号错误问题。

【1.3 - 19Y004R001】 2019年06月27日 09:45
1.修改、优化项目结构。

【1.2 - 19Y003R001】 2019年06月19日 15:05
1.增加版本控制功能。

【1.1 - 19Y002R004】 2019年06月18日 17:05
1.修复DataGridView单击行标题报错BUG。

【1.1 - 19Y002R003】 2019年06月14日 15:25
1.修复DataGridView右键复制导致BUG。

【1.1 - 19Y002R002】 2019年06月13日 10:55
1.修复DataGridView单元格双击事件失灵BUG；
2.增加DataGridView右键复制单元格内容功能；
3.增加任意位置CheckBoxCell单击切换状态功能；
4.增加行号显示功能。

【1.1 - 19Y002R001】 2019年06月12日 17:25
1.增加ChartCurve禁用选取功能；
2.增加ChartCurve自定义横坐标类型功能；
3.重命名控件名称；
4.增加PanelTitle控件。

【1.0 - 19Y001R001】 2019年06月09日 12:00
1.增加ButtonEx控件；
2.增加CheckBoxEx控件；
3.增加DataGridViewEx控件；
4.增加TabControlE控件；
5.增加TextBoxEx控件；
6.增加Login窗体；
7.增加ChartCurve窗体；
8.增加FormMoveTool控件；
9.增加LanternAlarm控件；
10.增加LanternRound控件；
11.增加ShapeDiamond控件；
12.增加ShapeRectangle控件；
13.增加ShapeRound控件。
